<?xml version="1.0" encoding="UTF-8"?>
<robot generator="Robot 6.0.2 (Python 3.8.10 on linux)" generated="20230528 22:35:32.559" rpa="false" schemaversion="3">
<suite id="s1" name="TestCases" source="/home/vinicius/Documentos/vscode_Automacao/Automacao_API/TestCases">
<suite id="s1-s1" name="apiAutomacao" source="/home/vinicius/Documentos/vscode_Automacao/Automacao_API/TestCases/apiAutomacao.robot">
<test id="s1-s1-t1" name="Verificar se API está online" line="7">
<kw name="Dado que faço uma request de verificação" library="keywords">
<kw name="GET" library="RequestsLibrary">
<var>${RESPONSE}</var>
<arg>${base_url}</arg>
<arg>expected_status=200</arg>
<doc>Sends a GET request.</doc>
<msg timestamp="20230528 22:35:33.132" level="INFO">GET Request : url=https://serverest.dev/ 
 path_url=/ 
 headers={'User-Agent': 'python-requests/2.22.0', 'Accept-Encoding': 'gzip, deflate', 'Accept': '*/*', 'Connection': 'keep-alive'} 
 body=None 
 </msg>
<msg timestamp="20230528 22:35:33.133" level="INFO">GET Response : url=https://serverest.dev/ 
 status=200, reason=OK 
 headers={'access-control-allow-origin': '*', 'x-dns-prefetch-control': 'off', 'x-frame-options': 'SAMEORIGIN', 'strict-transport-security': 'max-age=15552000; includeSubDomains', 'x-download-options': 'noopen', 'x-content-type-options': 'nosniff', 'x-xss-protection': '1; mode=block', 'content-type': 'text/html; charset=utf-8', 'X-Cloud-Trace-Context': '1c204fb6574a5af4d5c34be321f1eceb;o=1', 'Date': 'Mon, 29 May 2023 01:35:33 GMT', 'Server': 'Google Frontend', 'Content-Length': '3237'} 
 body=
&lt;!-- HTML for static distribution bundle build --&gt;
&lt;!DOCTYPE html&gt;
&lt;html lang="en"&gt;
&lt;head&gt;
  &lt;meta charset="UTF-8"&gt;
  
  &lt;title&gt;ServeRest&lt;/title&gt;
  &lt;link rel="stylesheet" type="text/css" href="./swagger-ui.css" &gt;
  &lt;link rel="icon" href="/favicon.ico" /&gt;
  &lt;style&gt;
    html
    {
      box-sizing: border-box;
      overflow: -moz-scrollbars-vertical;
      overflow-y: scroll;
    }
    *,
    *:before,
    *:after
    {
      box-sizing: inherit;
    }

    body {
      margin:0;
      background: #fafafa;
    }
  &lt;/style&gt;
&lt;/head&gt;

&lt;body&gt;

&lt;svg xmlns="http://www.w3.org/2000/svg" xmlns:xlink="http://www.w3.org/1999/xlink" style="position:absolute;width:0;height:0"&gt;
  &lt;defs&gt;
    &lt;symbol viewBox="0 0 20 20" id="unlocked"&gt;
      &lt;path d="M15.8 8H14V5.6C14 2.703 12.665 1 10 1 7.334 1 6 2.703 6 5.6V6h2v-.801C8 3.754 8.797 3 10 3c1.203 0 2 .754 2 2.199V8H4c-.553 0-1 .646-1 1.199V17c0 .549.428 1.139.951 1.307l1.197.387C5.672 18.861 6.55 19 7.1 19h5.8c.549 0 1.428-.139 1.951-.307l1.196-.387c.524-.167.953-.757.953-1.306V9.199C17 8.646 16.352 8 15.8 8z"&gt;&lt;/path&gt;
    &lt;/symbol&gt;

    &lt;symbol viewBox="0 0 20 20" id="locked"&gt;
      &lt;path d="M15.8 8H14V5.6C14 2.703 12.665 1 10 1 7.334 1 6 2.703 6 5.6V8H4c-.553 0-1 .646-1 1.199V17c0 .549.428 1.139.951 1.307l1.197.387C5.672 18.861 6.55 19 7.1 19h5.8c.549 0 1.428-.139 1.951-.307l1.196-.387c.524-.167.953-.757.953-1.306V9.199C17 8.646 16.352 8 15.8 8zM12 8H8V5.199C8 3.754 8.797 3 10 3c1.203 0 2 .754 2 2.199V8z"/&gt;
    &lt;/symbol&gt;

    &lt;symbol viewBox="0 0 20 20" id="close"&gt;
      &lt;path d="M14.348 14.849c-.469.469-1.229.469-1.697 0L10 11.819l-2.651 3.029c-.469.469-1.229.469-1.697 0-.469-.469-.469-1.229 0-1.697l2.758-3.15-2.759-3.152c-.469-.469-.469-1.228 0-1.697.469-.469 1.228-.469 1.697 0L10 8.183l2.651-3.031c.469-.469 1.228-.469 1.697 0 .469.469.469 1.229 0 1.697l-2.758 3.152 2.758 3.15c.469.469.469 1.229 0 1.698z"/&gt;
    &lt;/symbol&gt;

    &lt;symbol viewBox="0 0 20 20" id="large-arrow"&gt;
      &lt;path d="M13.25 10L6.109 2.58c-.268-.27-.268-.707 0-.979.268-.27.701-.27.969 0l7.83 7.908c.268.271.268.709 0 .979l-7.83 7.908c-.268.271-.701.27-.969 0-.268-.269-.268-.707 0-.979L13.25 10z"/&gt;
    &lt;/symbol&gt;

    &lt;symbol viewBox="0 0 20 20" id="large-arrow-down"&gt;
      &lt;path d="M17.418 6.109c.272-.268.709-.268.979 0s.271.701 0 .969l-7.908 7.83c-.27.268-.707.268-.979 0l-7.908-7.83c-.27-.268-.27-.701 0-.969.271-.268.709-.268.979 0L10 13.25l7.418-7.141z"/&gt;
    &lt;/symbol&gt;


    &lt;symbol viewBox="0 0 24 24" id="jump-to"&gt;
      &lt;path d="M19 7v4H5.83l3.58-3.59L8 6l-6 6 6 6 1.41-1.41L5.83 13H21V7z"/&gt;
    &lt;/symbol&gt;

    &lt;symbol viewBox="0 0 24 24" id="expand"&gt;
      &lt;path d="M10 18h4v-2h-4v2zM3 6v2h18V6H3zm3 7h12v-2H6v2z"/&gt;
    &lt;/symbol&gt;

  &lt;/defs&gt;
&lt;/svg&gt;

&lt;div id="swagger-ui"&gt;&lt;/div&gt;

&lt;script src="./swagger-ui-bundle.js"&gt; &lt;/script&gt;
&lt;script src="./swagger-ui-standalone-preset.js"&gt; &lt;/script&gt;
&lt;script src="./swagger-ui-init.js"&gt; &lt;/script&gt;



&lt;style&gt;
  .swagger-ui .topbar .download-url-wrapper { display: none } 
  .topbar-wrapper img { content:url(https://user-images.githubusercontent.com/29241659/118382797-365f3900-b5cf-11eb-9c82-0298a5c75b7e.png); width:150px; height:auto; }
  .swagger-ui .topbar { background-color: #000000; border-bottom: 20px solid #7900e2; }
&lt;/style&gt;
&lt;/body&gt;

&lt;/html&gt;
 
 </msg>
<msg timestamp="20230528 22:35:33.133" level="INFO">${RESPONSE} = &lt;Response [200]&gt;</msg>
<status status="PASS" starttime="20230528 22:35:32.659" endtime="20230528 22:35:33.134"/>
</kw>
<status status="PASS" starttime="20230528 22:35:32.659" endtime="20230528 22:35:33.134"/>
</kw>
<status status="PASS" starttime="20230528 22:35:32.659" endtime="20230528 22:35:33.134"/>
</test>
<doc>Casos de Teste da Automaçao de API</doc>
<status status="PASS" starttime="20230528 22:35:32.574" endtime="20230528 22:35:33.135"/>
</suite>
<suite id="s1-s2" name="Carrinho" source="/home/vinicius/Documentos/vscode_Automacao/Automacao_API/TestCases/Carrinho">
<suite id="s1-s2-s1" name="casesCar" source="/home/vinicius/Documentos/vscode_Automacao/Automacao_API/TestCases/Carrinho/casesCar.robot">
<test id="s1-s2-s1-t1" name="Cadastrando um carrinho" line="7">
<kw name="Dado que faço uma request de verificação" library="keywords">
<kw name="GET" library="RequestsLibrary">
<var>${RESPONSE}</var>
<arg>${base_url}</arg>
<arg>expected_status=200</arg>
<doc>Sends a GET request.</doc>
<msg timestamp="20230528 22:35:33.643" level="INFO">GET Request : url=https://serverest.dev/ 
 path_url=/ 
 headers={'User-Agent': 'python-requests/2.22.0', 'Accept-Encoding': 'gzip, deflate', 'Accept': '*/*', 'Connection': 'keep-alive'} 
 body=None 
 </msg>
<msg timestamp="20230528 22:35:33.643" level="INFO">GET Response : url=https://serverest.dev/ 
 status=200, reason=OK 
 headers={'access-control-allow-origin': '*', 'x-dns-prefetch-control': 'off', 'x-frame-options': 'SAMEORIGIN', 'strict-transport-security': 'max-age=15552000; includeSubDomains', 'x-download-options': 'noopen', 'x-content-type-options': 'nosniff', 'x-xss-protection': '1; mode=block', 'content-type': 'text/html; charset=utf-8', 'X-Cloud-Trace-Context': 'c68c57e2f1ccfd8be64f69cd8b858286', 'Date': 'Mon, 29 May 2023 01:35:33 GMT', 'Server': 'Google Frontend', 'Content-Length': '3237'} 
 body=
&lt;!-- HTML for static distribution bundle build --&gt;
&lt;!DOCTYPE html&gt;
&lt;html lang="en"&gt;
&lt;head&gt;
  &lt;meta charset="UTF-8"&gt;
  
  &lt;title&gt;ServeRest&lt;/title&gt;
  &lt;link rel="stylesheet" type="text/css" href="./swagger-ui.css" &gt;
  &lt;link rel="icon" href="/favicon.ico" /&gt;
  &lt;style&gt;
    html
    {
      box-sizing: border-box;
      overflow: -moz-scrollbars-vertical;
      overflow-y: scroll;
    }
    *,
    *:before,
    *:after
    {
      box-sizing: inherit;
    }

    body {
      margin:0;
      background: #fafafa;
    }
  &lt;/style&gt;
&lt;/head&gt;

&lt;body&gt;

&lt;svg xmlns="http://www.w3.org/2000/svg" xmlns:xlink="http://www.w3.org/1999/xlink" style="position:absolute;width:0;height:0"&gt;
  &lt;defs&gt;
    &lt;symbol viewBox="0 0 20 20" id="unlocked"&gt;
      &lt;path d="M15.8 8H14V5.6C14 2.703 12.665 1 10 1 7.334 1 6 2.703 6 5.6V6h2v-.801C8 3.754 8.797 3 10 3c1.203 0 2 .754 2 2.199V8H4c-.553 0-1 .646-1 1.199V17c0 .549.428 1.139.951 1.307l1.197.387C5.672 18.861 6.55 19 7.1 19h5.8c.549 0 1.428-.139 1.951-.307l1.196-.387c.524-.167.953-.757.953-1.306V9.199C17 8.646 16.352 8 15.8 8z"&gt;&lt;/path&gt;
    &lt;/symbol&gt;

    &lt;symbol viewBox="0 0 20 20" id="locked"&gt;
      &lt;path d="M15.8 8H14V5.6C14 2.703 12.665 1 10 1 7.334 1 6 2.703 6 5.6V8H4c-.553 0-1 .646-1 1.199V17c0 .549.428 1.139.951 1.307l1.197.387C5.672 18.861 6.55 19 7.1 19h5.8c.549 0 1.428-.139 1.951-.307l1.196-.387c.524-.167.953-.757.953-1.306V9.199C17 8.646 16.352 8 15.8 8zM12 8H8V5.199C8 3.754 8.797 3 10 3c1.203 0 2 .754 2 2.199V8z"/&gt;
    &lt;/symbol&gt;

    &lt;symbol viewBox="0 0 20 20" id="close"&gt;
      &lt;path d="M14.348 14.849c-.469.469-1.229.469-1.697 0L10 11.819l-2.651 3.029c-.469.469-1.229.469-1.697 0-.469-.469-.469-1.229 0-1.697l2.758-3.15-2.759-3.152c-.469-.469-.469-1.228 0-1.697.469-.469 1.228-.469 1.697 0L10 8.183l2.651-3.031c.469-.469 1.228-.469 1.697 0 .469.469.469 1.229 0 1.697l-2.758 3.152 2.758 3.15c.469.469.469 1.229 0 1.698z"/&gt;
    &lt;/symbol&gt;

    &lt;symbol viewBox="0 0 20 20" id="large-arrow"&gt;
      &lt;path d="M13.25 10L6.109 2.58c-.268-.27-.268-.707 0-.979.268-.27.701-.27.969 0l7.83 7.908c.268.271.268.709 0 .979l-7.83 7.908c-.268.271-.701.27-.969 0-.268-.269-.268-.707 0-.979L13.25 10z"/&gt;
    &lt;/symbol&gt;

    &lt;symbol viewBox="0 0 20 20" id="large-arrow-down"&gt;
      &lt;path d="M17.418 6.109c.272-.268.709-.268.979 0s.271.701 0 .969l-7.908 7.83c-.27.268-.707.268-.979 0l-7.908-7.83c-.27-.268-.27-.701 0-.969.271-.268.709-.268.979 0L10 13.25l7.418-7.141z"/&gt;
    &lt;/symbol&gt;


    &lt;symbol viewBox="0 0 24 24" id="jump-to"&gt;
      &lt;path d="M19 7v4H5.83l3.58-3.59L8 6l-6 6 6 6 1.41-1.41L5.83 13H21V7z"/&gt;
    &lt;/symbol&gt;

    &lt;symbol viewBox="0 0 24 24" id="expand"&gt;
      &lt;path d="M10 18h4v-2h-4v2zM3 6v2h18V6H3zm3 7h12v-2H6v2z"/&gt;
    &lt;/symbol&gt;

  &lt;/defs&gt;
&lt;/svg&gt;

&lt;div id="swagger-ui"&gt;&lt;/div&gt;

&lt;script src="./swagger-ui-bundle.js"&gt; &lt;/script&gt;
&lt;script src="./swagger-ui-standalone-preset.js"&gt; &lt;/script&gt;
&lt;script src="./swagger-ui-init.js"&gt; &lt;/script&gt;



&lt;style&gt;
  .swagger-ui .topbar .download-url-wrapper { display: none } 
  .topbar-wrapper img { content:url(https://user-images.githubusercontent.com/29241659/118382797-365f3900-b5cf-11eb-9c82-0298a5c75b7e.png); width:150px; height:auto; }
  .swagger-ui .topbar { background-color: #000000; border-bottom: 20px solid #7900e2; }
&lt;/style&gt;
&lt;/body&gt;

&lt;/html&gt;
 
 </msg>
<msg timestamp="20230528 22:35:33.644" level="INFO">${RESPONSE} = &lt;Response [200]&gt;</msg>
<status status="PASS" starttime="20230528 22:35:33.159" endtime="20230528 22:35:33.644"/>
</kw>
<status status="PASS" starttime="20230528 22:35:33.159" endtime="20230528 22:35:33.644"/>
</kw>
<kw name="Quando faço um cadastro um novo carrinho" library="keywordsCar">
<kw name="Create Dictionary" library="BuiltIn">
<var>${HEADERS}</var>
<arg>Authorization=${TOKEN}</arg>
<doc>Creates and returns a dictionary based on the given ``items``.</doc>
<msg timestamp="20230528 22:35:33.647" level="FAIL">Variable '${TOKEN}' not found.</msg>
<status status="FAIL" starttime="20230528 22:35:33.645" endtime="20230528 22:35:33.647"/>
</kw>
<kw name="Criando array de produto" library="keywordsCar">
<var>${ListaProdutos}</var>
<status status="NOT RUN" starttime="20230528 22:35:33.647" endtime="20230528 22:35:33.647"/>
</kw>
<kw name="Create Dictionary" library="BuiltIn">
<var>${PostCarrinho}</var>
<arg>produtos=${ListaProdutos}</arg>
<doc>Creates and returns a dictionary based on the given ``items``.</doc>
<status status="NOT RUN" starttime="20230528 22:35:33.647" endtime="20230528 22:35:33.647"/>
</kw>
<kw name="POST" library="RequestsLibrary">
<var>${RESPONSE}</var>
<arg>${base_url}carrinhos</arg>
<arg>json=${PostCarrinho}</arg>
<arg>headers=${HEADERS}</arg>
<arg>expected_status=201</arg>
<doc>Sends a POST request.</doc>
<status status="NOT RUN" starttime="20230528 22:35:33.648" endtime="20230528 22:35:33.648"/>
</kw>
<status status="FAIL" starttime="20230528 22:35:33.644" endtime="20230528 22:35:33.648"/>
</kw>
<status status="FAIL" starttime="20230528 22:35:33.158" endtime="20230528 22:35:33.648">Variable '${TOKEN}' not found.</status>
</test>
<test id="s1-s2-s1-t2" name="Concluindo a compra" line="11">
<kw name="Dado que faço uma request de verificação" library="keywords">
<kw name="GET" library="RequestsLibrary">
<var>${RESPONSE}</var>
<arg>${base_url}</arg>
<arg>expected_status=200</arg>
<doc>Sends a GET request.</doc>
<msg timestamp="20230528 22:35:34.053" level="INFO">GET Request : url=https://serverest.dev/ 
 path_url=/ 
 headers={'User-Agent': 'python-requests/2.22.0', 'Accept-Encoding': 'gzip, deflate', 'Accept': '*/*', 'Connection': 'keep-alive'} 
 body=None 
 </msg>
<msg timestamp="20230528 22:35:34.054" level="INFO">GET Response : url=https://serverest.dev/ 
 status=200, reason=OK 
 headers={'access-control-allow-origin': '*', 'x-dns-prefetch-control': 'off', 'x-frame-options': 'SAMEORIGIN', 'strict-transport-security': 'max-age=15552000; includeSubDomains', 'x-download-options': 'noopen', 'x-content-type-options': 'nosniff', 'x-xss-protection': '1; mode=block', 'content-type': 'text/html; charset=utf-8', 'X-Cloud-Trace-Context': '8eba03ccfbcbe217160eeaa7783f3e14', 'Date': 'Mon, 29 May 2023 01:35:34 GMT', 'Server': 'Google Frontend', 'Content-Length': '3237'} 
 body=
&lt;!-- HTML for static distribution bundle build --&gt;
&lt;!DOCTYPE html&gt;
&lt;html lang="en"&gt;
&lt;head&gt;
  &lt;meta charset="UTF-8"&gt;
  
  &lt;title&gt;ServeRest&lt;/title&gt;
  &lt;link rel="stylesheet" type="text/css" href="./swagger-ui.css" &gt;
  &lt;link rel="icon" href="/favicon.ico" /&gt;
  &lt;style&gt;
    html
    {
      box-sizing: border-box;
      overflow: -moz-scrollbars-vertical;
      overflow-y: scroll;
    }
    *,
    *:before,
    *:after
    {
      box-sizing: inherit;
    }

    body {
      margin:0;
      background: #fafafa;
    }
  &lt;/style&gt;
&lt;/head&gt;

&lt;body&gt;

&lt;svg xmlns="http://www.w3.org/2000/svg" xmlns:xlink="http://www.w3.org/1999/xlink" style="position:absolute;width:0;height:0"&gt;
  &lt;defs&gt;
    &lt;symbol viewBox="0 0 20 20" id="unlocked"&gt;
      &lt;path d="M15.8 8H14V5.6C14 2.703 12.665 1 10 1 7.334 1 6 2.703 6 5.6V6h2v-.801C8 3.754 8.797 3 10 3c1.203 0 2 .754 2 2.199V8H4c-.553 0-1 .646-1 1.199V17c0 .549.428 1.139.951 1.307l1.197.387C5.672 18.861 6.55 19 7.1 19h5.8c.549 0 1.428-.139 1.951-.307l1.196-.387c.524-.167.953-.757.953-1.306V9.199C17 8.646 16.352 8 15.8 8z"&gt;&lt;/path&gt;
    &lt;/symbol&gt;

    &lt;symbol viewBox="0 0 20 20" id="locked"&gt;
      &lt;path d="M15.8 8H14V5.6C14 2.703 12.665 1 10 1 7.334 1 6 2.703 6 5.6V8H4c-.553 0-1 .646-1 1.199V17c0 .549.428 1.139.951 1.307l1.197.387C5.672 18.861 6.55 19 7.1 19h5.8c.549 0 1.428-.139 1.951-.307l1.196-.387c.524-.167.953-.757.953-1.306V9.199C17 8.646 16.352 8 15.8 8zM12 8H8V5.199C8 3.754 8.797 3 10 3c1.203 0 2 .754 2 2.199V8z"/&gt;
    &lt;/symbol&gt;

    &lt;symbol viewBox="0 0 20 20" id="close"&gt;
      &lt;path d="M14.348 14.849c-.469.469-1.229.469-1.697 0L10 11.819l-2.651 3.029c-.469.469-1.229.469-1.697 0-.469-.469-.469-1.229 0-1.697l2.758-3.15-2.759-3.152c-.469-.469-.469-1.228 0-1.697.469-.469 1.228-.469 1.697 0L10 8.183l2.651-3.031c.469-.469 1.228-.469 1.697 0 .469.469.469 1.229 0 1.697l-2.758 3.152 2.758 3.15c.469.469.469 1.229 0 1.698z"/&gt;
    &lt;/symbol&gt;

    &lt;symbol viewBox="0 0 20 20" id="large-arrow"&gt;
      &lt;path d="M13.25 10L6.109 2.58c-.268-.27-.268-.707 0-.979.268-.27.701-.27.969 0l7.83 7.908c.268.271.268.709 0 .979l-7.83 7.908c-.268.271-.701.27-.969 0-.268-.269-.268-.707 0-.979L13.25 10z"/&gt;
    &lt;/symbol&gt;

    &lt;symbol viewBox="0 0 20 20" id="large-arrow-down"&gt;
      &lt;path d="M17.418 6.109c.272-.268.709-.268.979 0s.271.701 0 .969l-7.908 7.83c-.27.268-.707.268-.979 0l-7.908-7.83c-.27-.268-.27-.701 0-.969.271-.268.709-.268.979 0L10 13.25l7.418-7.141z"/&gt;
    &lt;/symbol&gt;


    &lt;symbol viewBox="0 0 24 24" id="jump-to"&gt;
      &lt;path d="M19 7v4H5.83l3.58-3.59L8 6l-6 6 6 6 1.41-1.41L5.83 13H21V7z"/&gt;
    &lt;/symbol&gt;

    &lt;symbol viewBox="0 0 24 24" id="expand"&gt;
      &lt;path d="M10 18h4v-2h-4v2zM3 6v2h18V6H3zm3 7h12v-2H6v2z"/&gt;
    &lt;/symbol&gt;

  &lt;/defs&gt;
&lt;/svg&gt;

&lt;div id="swagger-ui"&gt;&lt;/div&gt;

&lt;script src="./swagger-ui-bundle.js"&gt; &lt;/script&gt;
&lt;script src="./swagger-ui-standalone-preset.js"&gt; &lt;/script&gt;
&lt;script src="./swagger-ui-init.js"&gt; &lt;/script&gt;



&lt;style&gt;
  .swagger-ui .topbar .download-url-wrapper { display: none } 
  .topbar-wrapper img { content:url(https://user-images.githubusercontent.com/29241659/118382797-365f3900-b5cf-11eb-9c82-0298a5c75b7e.png); width:150px; height:auto; }
  .swagger-ui .topbar { background-color: #000000; border-bottom: 20px solid #7900e2; }
&lt;/style&gt;
&lt;/body&gt;

&lt;/html&gt;
 
 </msg>
<msg timestamp="20230528 22:35:34.054" level="INFO">${RESPONSE} = &lt;Response [200]&gt;</msg>
<status status="PASS" starttime="20230528 22:35:33.651" endtime="20230528 22:35:34.054"/>
</kw>
<status status="PASS" starttime="20230528 22:35:33.650" endtime="20230528 22:35:34.054"/>
</kw>
<kw name="Então concluo a compra" library="keywordsCar">
<kw name="Create Dictionary" library="BuiltIn">
<var>${HEADERS}</var>
<arg>Authorization=${TOKEN}</arg>
<doc>Creates and returns a dictionary based on the given ``items``.</doc>
<msg timestamp="20230528 22:35:34.057" level="FAIL">Variable '${TOKEN}' not found.</msg>
<status status="FAIL" starttime="20230528 22:35:34.055" endtime="20230528 22:35:34.057"/>
</kw>
<kw name="DELETE" library="RequestsLibrary">
<var>${RESPONSE}</var>
<arg>${base_url}carrinhos/concluir-compra</arg>
<arg>headers=${HEADERS}</arg>
<arg>expected_status=200</arg>
<doc>Sends a DELETE request.</doc>
<status status="NOT RUN" starttime="20230528 22:35:34.057" endtime="20230528 22:35:34.058"/>
</kw>
<status status="FAIL" starttime="20230528 22:35:34.055" endtime="20230528 22:35:34.058"/>
</kw>
<status status="FAIL" starttime="20230528 22:35:33.649" endtime="20230528 22:35:34.058">Variable '${TOKEN}' not found.</status>
</test>
<doc>Casos de Teste da Automaçao de API</doc>
<status status="FAIL" starttime="20230528 22:35:33.139" endtime="20230528 22:35:34.059"/>
</suite>
<status status="FAIL" starttime="20230528 22:35:33.136" endtime="20230528 22:35:34.061"/>
</suite>
<suite id="s1-s3" name="Produtos" source="/home/vinicius/Documentos/vscode_Automacao/Automacao_API/TestCases/Produtos">
<suite id="s1-s3-s1" name="casesProducts" source="/home/vinicius/Documentos/vscode_Automacao/Automacao_API/TestCases/Produtos/casesProducts.robot">
<test id="s1-s3-s1-t1" name="Fazer Post de um produto" line="7">
<kw name="Dado que faço uma request de verificação" library="keywords">
<kw name="GET" library="RequestsLibrary">
<var>${RESPONSE}</var>
<arg>${base_url}</arg>
<arg>expected_status=200</arg>
<doc>Sends a GET request.</doc>
<msg timestamp="20230528 22:35:34.462" level="INFO">GET Request : url=https://serverest.dev/ 
 path_url=/ 
 headers={'User-Agent': 'python-requests/2.22.0', 'Accept-Encoding': 'gzip, deflate', 'Accept': '*/*', 'Connection': 'keep-alive'} 
 body=None 
 </msg>
<msg timestamp="20230528 22:35:34.462" level="INFO">GET Response : url=https://serverest.dev/ 
 status=200, reason=OK 
 headers={'access-control-allow-origin': '*', 'x-dns-prefetch-control': 'off', 'x-frame-options': 'SAMEORIGIN', 'strict-transport-security': 'max-age=15552000; includeSubDomains', 'x-download-options': 'noopen', 'x-content-type-options': 'nosniff', 'x-xss-protection': '1; mode=block', 'content-type': 'text/html; charset=utf-8', 'X-Cloud-Trace-Context': '48474e7a34a676665972cb15fe8d9ca2', 'Date': 'Mon, 29 May 2023 01:35:34 GMT', 'Server': 'Google Frontend', 'Content-Length': '3237'} 
 body=
&lt;!-- HTML for static distribution bundle build --&gt;
&lt;!DOCTYPE html&gt;
&lt;html lang="en"&gt;
&lt;head&gt;
  &lt;meta charset="UTF-8"&gt;
  
  &lt;title&gt;ServeRest&lt;/title&gt;
  &lt;link rel="stylesheet" type="text/css" href="./swagger-ui.css" &gt;
  &lt;link rel="icon" href="/favicon.ico" /&gt;
  &lt;style&gt;
    html
    {
      box-sizing: border-box;
      overflow: -moz-scrollbars-vertical;
      overflow-y: scroll;
    }
    *,
    *:before,
    *:after
    {
      box-sizing: inherit;
    }

    body {
      margin:0;
      background: #fafafa;
    }
  &lt;/style&gt;
&lt;/head&gt;

&lt;body&gt;

&lt;svg xmlns="http://www.w3.org/2000/svg" xmlns:xlink="http://www.w3.org/1999/xlink" style="position:absolute;width:0;height:0"&gt;
  &lt;defs&gt;
    &lt;symbol viewBox="0 0 20 20" id="unlocked"&gt;
      &lt;path d="M15.8 8H14V5.6C14 2.703 12.665 1 10 1 7.334 1 6 2.703 6 5.6V6h2v-.801C8 3.754 8.797 3 10 3c1.203 0 2 .754 2 2.199V8H4c-.553 0-1 .646-1 1.199V17c0 .549.428 1.139.951 1.307l1.197.387C5.672 18.861 6.55 19 7.1 19h5.8c.549 0 1.428-.139 1.951-.307l1.196-.387c.524-.167.953-.757.953-1.306V9.199C17 8.646 16.352 8 15.8 8z"&gt;&lt;/path&gt;
    &lt;/symbol&gt;

    &lt;symbol viewBox="0 0 20 20" id="locked"&gt;
      &lt;path d="M15.8 8H14V5.6C14 2.703 12.665 1 10 1 7.334 1 6 2.703 6 5.6V8H4c-.553 0-1 .646-1 1.199V17c0 .549.428 1.139.951 1.307l1.197.387C5.672 18.861 6.55 19 7.1 19h5.8c.549 0 1.428-.139 1.951-.307l1.196-.387c.524-.167.953-.757.953-1.306V9.199C17 8.646 16.352 8 15.8 8zM12 8H8V5.199C8 3.754 8.797 3 10 3c1.203 0 2 .754 2 2.199V8z"/&gt;
    &lt;/symbol&gt;

    &lt;symbol viewBox="0 0 20 20" id="close"&gt;
      &lt;path d="M14.348 14.849c-.469.469-1.229.469-1.697 0L10 11.819l-2.651 3.029c-.469.469-1.229.469-1.697 0-.469-.469-.469-1.229 0-1.697l2.758-3.15-2.759-3.152c-.469-.469-.469-1.228 0-1.697.469-.469 1.228-.469 1.697 0L10 8.183l2.651-3.031c.469-.469 1.228-.469 1.697 0 .469.469.469 1.229 0 1.697l-2.758 3.152 2.758 3.15c.469.469.469 1.229 0 1.698z"/&gt;
    &lt;/symbol&gt;

    &lt;symbol viewBox="0 0 20 20" id="large-arrow"&gt;
      &lt;path d="M13.25 10L6.109 2.58c-.268-.27-.268-.707 0-.979.268-.27.701-.27.969 0l7.83 7.908c.268.271.268.709 0 .979l-7.83 7.908c-.268.271-.701.27-.969 0-.268-.269-.268-.707 0-.979L13.25 10z"/&gt;
    &lt;/symbol&gt;

    &lt;symbol viewBox="0 0 20 20" id="large-arrow-down"&gt;
      &lt;path d="M17.418 6.109c.272-.268.709-.268.979 0s.271.701 0 .969l-7.908 7.83c-.27.268-.707.268-.979 0l-7.908-7.83c-.27-.268-.27-.701 0-.969.271-.268.709-.268.979 0L10 13.25l7.418-7.141z"/&gt;
    &lt;/symbol&gt;


    &lt;symbol viewBox="0 0 24 24" id="jump-to"&gt;
      &lt;path d="M19 7v4H5.83l3.58-3.59L8 6l-6 6 6 6 1.41-1.41L5.83 13H21V7z"/&gt;
    &lt;/symbol&gt;

    &lt;symbol viewBox="0 0 24 24" id="expand"&gt;
      &lt;path d="M10 18h4v-2h-4v2zM3 6v2h18V6H3zm3 7h12v-2H6v2z"/&gt;
    &lt;/symbol&gt;

  &lt;/defs&gt;
&lt;/svg&gt;

&lt;div id="swagger-ui"&gt;&lt;/div&gt;

&lt;script src="./swagger-ui-bundle.js"&gt; &lt;/script&gt;
&lt;script src="./swagger-ui-standalone-preset.js"&gt; &lt;/script&gt;
&lt;script src="./swagger-ui-init.js"&gt; &lt;/script&gt;



&lt;style&gt;
  .swagger-ui .topbar .download-url-wrapper { display: none } 
  .topbar-wrapper img { content:url(https://user-images.githubusercontent.com/29241659/118382797-365f3900-b5cf-11eb-9c82-0298a5c75b7e.png); width:150px; height:auto; }
  .swagger-ui .topbar { background-color: #000000; border-bottom: 20px solid #7900e2; }
&lt;/style&gt;
&lt;/body&gt;

&lt;/html&gt;
 
 </msg>
<msg timestamp="20230528 22:35:34.463" level="INFO">${RESPONSE} = &lt;Response [200]&gt;</msg>
<status status="PASS" starttime="20230528 22:35:34.075" endtime="20230528 22:35:34.463"/>
</kw>
<status status="PASS" starttime="20230528 22:35:34.074" endtime="20230528 22:35:34.463"/>
</kw>
<kw name="Quando faço o post de um produto" library="keywordsProducts">
<kw name="Create Dictionary" library="BuiltIn">
<var>${HEADERS}</var>
<arg>Authorization=${TOKEN}</arg>
<doc>Creates and returns a dictionary based on the given ``items``.</doc>
<msg timestamp="20230528 22:35:34.466" level="FAIL">Variable '${TOKEN}' not found.</msg>
<status status="FAIL" starttime="20230528 22:35:34.464" endtime="20230528 22:35:34.466"/>
</kw>
<kw name="Create Dictionary" library="BuiltIn">
<var>${PostProduto}</var>
<arg>nome=Teste09</arg>
<arg>preco=14</arg>
<arg>descricao=TesteRequest</arg>
<arg>quantidade=10</arg>
<doc>Creates and returns a dictionary based on the given ``items``.</doc>
<status status="NOT RUN" starttime="20230528 22:35:34.466" endtime="20230528 22:35:34.466"/>
</kw>
<kw name="POST" library="RequestsLibrary">
<var>${RESPONSE}</var>
<arg>${base_url}produtos</arg>
<arg>json=${PostProduto}</arg>
<arg>headers=${HEADERS}</arg>
<arg>expected_status=201</arg>
<doc>Sends a POST request.</doc>
<status status="NOT RUN" starttime="20230528 22:35:34.466" endtime="20230528 22:35:34.466"/>
</kw>
<kw name="Get From Dictionary" library="Collections">
<var>${ID_PRODUTO}</var>
<arg>${RESPONSE.json()}</arg>
<arg>_id</arg>
<doc>Returns a value from the given ``dictionary`` based on the given ``key``.</doc>
<status status="NOT RUN" starttime="20230528 22:35:34.466" endtime="20230528 22:35:34.467"/>
</kw>
<kw name="Set Suite Variable" library="BuiltIn">
<arg>${ID_PRODUTO}</arg>
<doc>Makes a variable available everywhere within the scope of the current suite.</doc>
<status status="NOT RUN" starttime="20230528 22:35:34.467" endtime="20230528 22:35:34.467"/>
</kw>
<status status="FAIL" starttime="20230528 22:35:34.463" endtime="20230528 22:35:34.467"/>
</kw>
<kw name="Então valido a existencia do mesmo" library="keywordsProducts">
<status status="NOT RUN" starttime="20230528 22:35:34.467" endtime="20230528 22:35:34.467"/>
</kw>
<status status="FAIL" starttime="20230528 22:35:34.073" endtime="20230528 22:35:34.468">Variable '${TOKEN}' not found.</status>
</test>
<doc>Casos de Teste da Automaçao de API</doc>
<status status="FAIL" starttime="20230528 22:35:34.065" endtime="20230528 22:35:34.468"/>
</suite>
<status status="FAIL" starttime="20230528 22:35:34.062" endtime="20230528 22:35:34.470"/>
</suite>
<suite id="s1-s4" name="Usuarios" source="/home/vinicius/Documentos/vscode_Automacao/Automacao_API/TestCases/Usuarios">
<suite id="s1-s4-s1" name="casesUsers" source="/home/vinicius/Documentos/vscode_Automacao/Automacao_API/TestCases/Usuarios/casesUsers.robot">
<test id="s1-s4-s1-t1" name="Acessar Pagina com Login" line="8">
<kw name="Dado que crio o usuario" library="KeywordsUser">
<kw name="Create Dictionary" library="BuiltIn">
<var>${PostUser}</var>
<arg>nome=teste3</arg>
<arg>email=teste3@qa.com.br</arg>
<arg>password=teste</arg>
<arg>administrador=true</arg>
<doc>Creates and returns a dictionary based on the given ``items``.</doc>
<msg timestamp="20230528 22:35:34.482" level="INFO">${PostUser} = {'nome': 'teste3', 'email': 'teste3@qa.com.br', 'password': 'teste', 'administrador': 'true'}</msg>
<status status="PASS" starttime="20230528 22:35:34.481" endtime="20230528 22:35:34.482"/>
</kw>
<kw name="POST" library="RequestsLibrary">
<var>${RESPONSE}</var>
<arg>${base_url}usuarios</arg>
<arg>json=${PostUser}</arg>
<arg>expected_status=201</arg>
<doc>Sends a POST request.</doc>
<msg timestamp="20230528 22:35:34.867" level="INFO">POST Request : url=https://serverest.dev/usuarios 
 path_url=/usuarios 
 headers={'User-Agent': 'python-requests/2.22.0', 'Accept-Encoding': 'gzip, deflate', 'Accept': '*/*', 'Connection': 'keep-alive', 'Content-Length': '93', 'Content-Type': 'application/json'} 
 body=b'{"nome": "teste3", "email": "teste3@qa.com.br", "password": "teste", "administrador": "true"}' 
 </msg>
<msg timestamp="20230528 22:35:34.868" level="INFO">POST Response : url=https://serverest.dev/usuarios 
 status=201, reason=Created 
 headers={'access-control-allow-origin': '*', 'x-dns-prefetch-control': 'off', 'x-frame-options': 'SAMEORIGIN', 'strict-transport-security': 'max-age=15552000; includeSubDomains', 'x-download-options': 'noopen', 'x-content-type-options': 'nosniff', 'x-xss-protection': '1; mode=block', 'x-moesif-transaction-id': '2657c418-3df4-4488-a7fa-883a6aa63979', 'content-type': 'application/json; charset=utf-8', 'X-Cloud-Trace-Context': 'eb59da8799619b90686e5e366ad24d11', 'Date': 'Mon, 29 May 2023 01:35:34 GMT', 'Server': 'Google Frontend', 'Content-Length': '82'} 
 body={
    "message": "Cadastro realizado com sucesso",
    "_id": "LS9HmlzpRoPeKn4i"
} 
 </msg>
<msg timestamp="20230528 22:35:34.869" level="INFO">${RESPONSE} = &lt;Response [201]&gt;</msg>
<status status="PASS" starttime="20230528 22:35:34.482" endtime="20230528 22:35:34.869"/>
</kw>
<status status="PASS" starttime="20230528 22:35:34.481" endtime="20230528 22:35:34.869"/>
</kw>
<kw name="Então faço o Login" library="KeywordsUser">
<kw name="Create Dictionary" library="BuiltIn">
<var>${PostLogin}</var>
<arg>email=teste3@qa.com.br</arg>
<arg>password=teste</arg>
<doc>Creates and returns a dictionary based on the given ``items``.</doc>
<msg timestamp="20230528 22:35:34.870" level="INFO">${PostLogin} = {'email': 'teste3@qa.com.br', 'password': 'teste'}</msg>
<status status="PASS" starttime="20230528 22:35:34.870" endtime="20230528 22:35:34.870"/>
</kw>
<kw name="POST" library="RequestsLibrary">
<var>${RESPONSE}</var>
<arg>${base_url}login</arg>
<arg>json=${PostLogin}</arg>
<arg>expected_status=200</arg>
<doc>Sends a POST request.</doc>
<msg timestamp="20230528 22:35:35.277" level="INFO">POST Request : url=https://serverest.dev/login 
 path_url=/login 
 headers={'User-Agent': 'python-requests/2.22.0', 'Accept-Encoding': 'gzip, deflate', 'Accept': '*/*', 'Connection': 'keep-alive', 'Content-Length': '50', 'Content-Type': 'application/json'} 
 body=b'{"email": "teste3@qa.com.br", "password": "teste"}' 
 </msg>
<msg timestamp="20230528 22:35:35.277" level="INFO">POST Response : url=https://serverest.dev/login 
 status=200, reason=OK 
 headers={'access-control-allow-origin': '*', 'x-dns-prefetch-control': 'off', 'x-frame-options': 'SAMEORIGIN', 'strict-transport-security': 'max-age=15552000; includeSubDomains', 'x-download-options': 'noopen', 'x-content-type-options': 'nosniff', 'x-xss-protection': '1; mode=block', 'x-moesif-transaction-id': 'a3d9a6a4-7995-4877-a1f9-72b78ba2d633', 'content-type': 'application/json; charset=utf-8', 'X-Cloud-Trace-Context': '9e88bb88623eb8a255f9799a56cc0dd5', 'Date': 'Mon, 29 May 2023 01:35:35 GMT', 'Server': 'Google Frontend', 'Content-Length': '269'} 
 body={
    "message": "Login realizado com sucesso",
    "authorization": "Bearer eyJhbGciOiJIUzI1NiIsInR5cCI6IkpXVCJ9.eyJlbWFpbCI6InRlc3RlM0BxYS5jb20uYnIiLCJwYXNzd29yZCI6InRlc3RlIiwiaWF0IjoxNjg1MzI0MTM1LCJleHAiOjE2ODUzMjQ3MzV9.kYk71fDSQiVm9_AaExq3vpsEC2TpLL_4rYQrUqEXKpI"
} 
 </msg>
<msg timestamp="20230528 22:35:35.277" level="INFO">${RESPONSE} = &lt;Response [200]&gt;</msg>
<status status="PASS" starttime="20230528 22:35:34.870" endtime="20230528 22:35:35.277"/>
</kw>
<kw name="Get From Dictionary" library="Collections">
<var>${TOKEN}</var>
<arg>${RESPONSE.json()}</arg>
<arg>authorization</arg>
<doc>Returns a value from the given ``dictionary`` based on the given ``key``.</doc>
<msg timestamp="20230528 22:35:35.279" level="INFO">${TOKEN} = Bearer eyJhbGciOiJIUzI1NiIsInR5cCI6IkpXVCJ9.eyJlbWFpbCI6InRlc3RlM0BxYS5jb20uYnIiLCJwYXNzd29yZCI6InRlc3RlIiwiaWF0IjoxNjg1MzI0MTM1LCJleHAiOjE2ODUzMjQ3MzV9.kYk71fDSQiVm9_AaExq3vpsEC2TpLL_4rYQrUqEXKpI</msg>
<status status="PASS" starttime="20230528 22:35:35.278" endtime="20230528 22:35:35.279"/>
</kw>
<kw name="Set Suite Variable" library="BuiltIn">
<arg>${TOKEN}</arg>
<doc>Makes a variable available everywhere within the scope of the current suite.</doc>
<msg timestamp="20230528 22:35:35.280" level="INFO">${TOKEN} = Bearer eyJhbGciOiJIUzI1NiIsInR5cCI6IkpXVCJ9.eyJlbWFpbCI6InRlc3RlM0BxYS5jb20uYnIiLCJwYXNzd29yZCI6InRlc3RlIiwiaWF0IjoxNjg1MzI0MTM1LCJleHAiOjE2ODUzMjQ3MzV9.kYk71fDSQiVm9_AaExq3vpsEC2TpLL_4rYQrUqEXKpI</msg>
<status status="PASS" starttime="20230528 22:35:35.280" endtime="20230528 22:35:35.280"/>
</kw>
<status status="PASS" starttime="20230528 22:35:34.869" endtime="20230528 22:35:35.280"/>
</kw>
<status status="PASS" starttime="20230528 22:35:34.480" endtime="20230528 22:35:35.281"/>
</test>
<test id="s1-s4-s1-t2" name="Deletando usuario" line="12">
<kw name="Dado que faço uma request de verificação" library="keywords">
<kw name="GET" library="RequestsLibrary">
<var>${RESPONSE}</var>
<arg>${base_url}</arg>
<arg>expected_status=200</arg>
<doc>Sends a GET request.</doc>
<msg timestamp="20230528 22:35:35.687" level="INFO">GET Request : url=https://serverest.dev/ 
 path_url=/ 
 headers={'User-Agent': 'python-requests/2.22.0', 'Accept-Encoding': 'gzip, deflate', 'Accept': '*/*', 'Connection': 'keep-alive'} 
 body=None 
 </msg>
<msg timestamp="20230528 22:35:35.688" level="INFO">GET Response : url=https://serverest.dev/ 
 status=200, reason=OK 
 headers={'access-control-allow-origin': '*', 'x-dns-prefetch-control': 'off', 'x-frame-options': 'SAMEORIGIN', 'strict-transport-security': 'max-age=15552000; includeSubDomains', 'x-download-options': 'noopen', 'x-content-type-options': 'nosniff', 'x-xss-protection': '1; mode=block', 'content-type': 'text/html; charset=utf-8', 'X-Cloud-Trace-Context': 'c0485f130baebb4d4bdc68a66d9fd5e8', 'Date': 'Mon, 29 May 2023 01:35:35 GMT', 'Server': 'Google Frontend', 'Content-Length': '3237'} 
 body=
&lt;!-- HTML for static distribution bundle build --&gt;
&lt;!DOCTYPE html&gt;
&lt;html lang="en"&gt;
&lt;head&gt;
  &lt;meta charset="UTF-8"&gt;
  
  &lt;title&gt;ServeRest&lt;/title&gt;
  &lt;link rel="stylesheet" type="text/css" href="./swagger-ui.css" &gt;
  &lt;link rel="icon" href="/favicon.ico" /&gt;
  &lt;style&gt;
    html
    {
      box-sizing: border-box;
      overflow: -moz-scrollbars-vertical;
      overflow-y: scroll;
    }
    *,
    *:before,
    *:after
    {
      box-sizing: inherit;
    }

    body {
      margin:0;
      background: #fafafa;
    }
  &lt;/style&gt;
&lt;/head&gt;

&lt;body&gt;

&lt;svg xmlns="http://www.w3.org/2000/svg" xmlns:xlink="http://www.w3.org/1999/xlink" style="position:absolute;width:0;height:0"&gt;
  &lt;defs&gt;
    &lt;symbol viewBox="0 0 20 20" id="unlocked"&gt;
      &lt;path d="M15.8 8H14V5.6C14 2.703 12.665 1 10 1 7.334 1 6 2.703 6 5.6V6h2v-.801C8 3.754 8.797 3 10 3c1.203 0 2 .754 2 2.199V8H4c-.553 0-1 .646-1 1.199V17c0 .549.428 1.139.951 1.307l1.197.387C5.672 18.861 6.55 19 7.1 19h5.8c.549 0 1.428-.139 1.951-.307l1.196-.387c.524-.167.953-.757.953-1.306V9.199C17 8.646 16.352 8 15.8 8z"&gt;&lt;/path&gt;
    &lt;/symbol&gt;

    &lt;symbol viewBox="0 0 20 20" id="locked"&gt;
      &lt;path d="M15.8 8H14V5.6C14 2.703 12.665 1 10 1 7.334 1 6 2.703 6 5.6V8H4c-.553 0-1 .646-1 1.199V17c0 .549.428 1.139.951 1.307l1.197.387C5.672 18.861 6.55 19 7.1 19h5.8c.549 0 1.428-.139 1.951-.307l1.196-.387c.524-.167.953-.757.953-1.306V9.199C17 8.646 16.352 8 15.8 8zM12 8H8V5.199C8 3.754 8.797 3 10 3c1.203 0 2 .754 2 2.199V8z"/&gt;
    &lt;/symbol&gt;

    &lt;symbol viewBox="0 0 20 20" id="close"&gt;
      &lt;path d="M14.348 14.849c-.469.469-1.229.469-1.697 0L10 11.819l-2.651 3.029c-.469.469-1.229.469-1.697 0-.469-.469-.469-1.229 0-1.697l2.758-3.15-2.759-3.152c-.469-.469-.469-1.228 0-1.697.469-.469 1.228-.469 1.697 0L10 8.183l2.651-3.031c.469-.469 1.228-.469 1.697 0 .469.469.469 1.229 0 1.697l-2.758 3.152 2.758 3.15c.469.469.469 1.229 0 1.698z"/&gt;
    &lt;/symbol&gt;

    &lt;symbol viewBox="0 0 20 20" id="large-arrow"&gt;
      &lt;path d="M13.25 10L6.109 2.58c-.268-.27-.268-.707 0-.979.268-.27.701-.27.969 0l7.83 7.908c.268.271.268.709 0 .979l-7.83 7.908c-.268.271-.701.27-.969 0-.268-.269-.268-.707 0-.979L13.25 10z"/&gt;
    &lt;/symbol&gt;

    &lt;symbol viewBox="0 0 20 20" id="large-arrow-down"&gt;
      &lt;path d="M17.418 6.109c.272-.268.709-.268.979 0s.271.701 0 .969l-7.908 7.83c-.27.268-.707.268-.979 0l-7.908-7.83c-.27-.268-.27-.701 0-.969.271-.268.709-.268.979 0L10 13.25l7.418-7.141z"/&gt;
    &lt;/symbol&gt;


    &lt;symbol viewBox="0 0 24 24" id="jump-to"&gt;
      &lt;path d="M19 7v4H5.83l3.58-3.59L8 6l-6 6 6 6 1.41-1.41L5.83 13H21V7z"/&gt;
    &lt;/symbol&gt;

    &lt;symbol viewBox="0 0 24 24" id="expand"&gt;
      &lt;path d="M10 18h4v-2h-4v2zM3 6v2h18V6H3zm3 7h12v-2H6v2z"/&gt;
    &lt;/symbol&gt;

  &lt;/defs&gt;
&lt;/svg&gt;

&lt;div id="swagger-ui"&gt;&lt;/div&gt;

&lt;script src="./swagger-ui-bundle.js"&gt; &lt;/script&gt;
&lt;script src="./swagger-ui-standalone-preset.js"&gt; &lt;/script&gt;
&lt;script src="./swagger-ui-init.js"&gt; &lt;/script&gt;



&lt;style&gt;
  .swagger-ui .topbar .download-url-wrapper { display: none } 
  .topbar-wrapper img { content:url(https://user-images.githubusercontent.com/29241659/118382797-365f3900-b5cf-11eb-9c82-0298a5c75b7e.png); width:150px; height:auto; }
  .swagger-ui .topbar { background-color: #000000; border-bottom: 20px solid #7900e2; }
&lt;/style&gt;
&lt;/body&gt;

&lt;/html&gt;
 
 </msg>
<msg timestamp="20230528 22:35:35.688" level="INFO">${RESPONSE} = &lt;Response [200]&gt;</msg>
<status status="PASS" starttime="20230528 22:35:35.283" endtime="20230528 22:35:35.688"/>
</kw>
<status status="PASS" starttime="20230528 22:35:35.282" endtime="20230528 22:35:35.689"/>
</kw>
<status status="PASS" starttime="20230528 22:35:35.281" endtime="20230528 22:35:35.689"/>
</test>
<doc>Casos de Teste da Automaçao de API</doc>
<status status="PASS" starttime="20230528 22:35:34.473" endtime="20230528 22:35:35.690"/>
</suite>
<status status="PASS" starttime="20230528 22:35:34.470" endtime="20230528 22:35:35.691"/>
</suite>
<status status="FAIL" starttime="20230528 22:35:32.560" endtime="20230528 22:35:35.693"/>
</suite>
<statistics>
<total>
<stat pass="3" fail="3" skip="0">All Tests</stat>
</total>
<tag>
</tag>
<suite>
<stat pass="3" fail="3" skip="0" id="s1" name="TestCases">TestCases</stat>
<stat pass="1" fail="0" skip="0" id="s1-s1" name="apiAutomacao">TestCases.apiAutomacao</stat>
<stat pass="0" fail="2" skip="0" id="s1-s2" name="Carrinho">TestCases.Carrinho</stat>
<stat pass="0" fail="2" skip="0" id="s1-s2-s1" name="casesCar">TestCases.Carrinho.casesCar</stat>
<stat pass="0" fail="1" skip="0" id="s1-s3" name="Produtos">TestCases.Produtos</stat>
<stat pass="0" fail="1" skip="0" id="s1-s3-s1" name="casesProducts">TestCases.Produtos.casesProducts</stat>
<stat pass="2" fail="0" skip="0" id="s1-s4" name="Usuarios">TestCases.Usuarios</stat>
<stat pass="2" fail="0" skip="0" id="s1-s4-s1" name="casesUsers">TestCases.Usuarios.casesUsers</stat>
</suite>
</statistics>
<errors>
</errors>
</robot>
